<?xml version="1.0" encoding="UTF-8"?>
<testsuites name="Mocha Tests" time="14.089" tests="1" failures="1">
  <testsuite name="Root Suite" timestamp="2023-06-08T16:10:06" tests="0" file="cypress\e2e\demo_Cypress\TC_06.spec.js" time="0.000" failures="0">
  </testsuite>
  <testsuite name="assignment final" timestamp="2023-06-08T16:10:06" tests="1" time="14.046" failures="1">
    <testcase name="assignment final Verify Print Barcode/Label page" time="0.000" classname="Verify Print Barcode/Label page">
      <failure message="Timed out retrying after 4000ms: Expected to find element: `div[id=&quot;s2id_style&quot;]`, but never found it." type="AssertionError"><![CDATA[AssertionError: Timed out retrying after 4000ms: Expected to find element: `div[id="s2id_style"]`, but never found it.
    at Object.style (webpack:///./cypress/support/pageObjects/printBarcodesPage.js:16:24)
    at PrintBarcodePage.verifyPrintBarcodePage (webpack:///./cypress/support/pageObjects/printBarcodesPage.js:52:22)
    at Context.eval (webpack:///./cypress/e2e/demo_Cypress/TC_06.spec.js:13:27)]]></failure>
    </testcase>
  </testsuite>
</testsuites>