<?xml version="1.0" encoding="UTF-8"?>
<testsuites name="Mocha Tests" time="15.405" tests="1" failures="1">
  <testsuite name="Root Suite" timestamp="2023-06-08T16:11:13" tests="0" file="cypress\e2e\demo_Cypress\TC_10.spec.js" time="0.000" failures="0">
  </testsuite>
  <testsuite name="assignment final" timestamp="2023-06-08T16:11:13" tests="1" time="15.387" failures="1">
    <testcase name="assignment final Verify add Purchases successfully" time="0.000" classname="Verify add Purchases successfully">
      <failure message="Timed out retrying after 4000ms: Expected to find element: `div[class=&quot;alert alert-success&quot;]`, but never found it." type="AssertionError"><![CDATA[AssertionError: Timed out retrying after 4000ms: Expected to find element: `div[class="alert alert-success"]`, but never found it.
    at PurchasePage.addPurchase (webpack:///./cypress/support/pageObjects/purchasePage.js:45:32)
    at Context.eval (webpack:///./cypress/e2e/demo_Cypress/TC_10.spec.js:13:23)]]></failure>
    </testcase>
  </testsuite>
</testsuites>